Using pre-set license
Built from '2020.3/staging' branch; Version is '2020.3.24f1 (79c78de19888) revision 7980941'; Using compiler version '192528614'; Build Type 'Release'
OS: 'Windows 10  (10.0.19043) 64bit CoreSingleLanguage' Language: 'en' Physical Memory: 7599 MB
BatchMode: 1, IsHumanControllingUs: 0, StartBugReporterOnCrash: 0, Is64bit: 1, IsPro: 0

COMMAND LINE ARGUMENTS:
C:\Program Files\Unity\Hub\Editor\2020.3.24f1\Editor\Unity.exe
-adb2
-batchMode
-noUpm
-name
AssetImportWorker0
-projectPath
C:/Users/himan/Desktop/Project Exhibition/Terrain
-logFile
Logs/AssetImportWorker0.log
-srvPort
61466
Successfully changed project path to: C:/Users/himan/Desktop/Project Exhibition/Terrain
C:/Users/himan/Desktop/Project Exhibition/Terrain
Using Asset Import Pipeline V2.
Refreshing native plugins compatible for Editor in 38.21 ms, found 2 plugins.
Preloading 0 native plugins for Editor in 0.00 ms.
Initialize engine version: 2020.3.24f1 (79c78de19888)
[Subsystems] Discovering subsystems at path C:/Program Files/Unity/Hub/Editor/2020.3.24f1/Editor/Data/Resources/UnitySubsystems
[Subsystems] Discovering subsystems at path C:/Users/himan/Desktop/Project Exhibition/Terrain/Assets
GfxDevice: creating device client; threaded=0
Direct3D:
    Version:  Direct3D 11.0 [level 11.1]
    Renderer: NVIDIA GeForce GTX 1650 Ti (ID=0x1f95)
    Vendor:   
    VRAM:     3962 MB
    Driver:   30.0.14.9709
Initialize mono
Mono path[0] = 'C:/Program Files/Unity/Hub/Editor/2020.3.24f1/Editor/Data/Managed'
Mono path[1] = 'C:/Program Files/Unity/Hub/Editor/2020.3.24f1/Editor/Data/MonoBleedingEdge/lib/mono/unityjit'
Mono config path = 'C:/Program Files/Unity/Hub/Editor/2020.3.24f1/Editor/Data/MonoBleedingEdge/etc'
Using monoOptions --debugger-agent=transport=dt_socket,embedding=1,server=y,suspend=n,address=127.0.0.1:56556
Begin MonoManager ReloadAssembly
Registering precompiled unity dll's ...
Register platform support module: C:/Program Files/Unity/Hub/Editor/2020.3.24f1/Editor/Data/PlaybackEngines/WindowsStandaloneSupport/UnityEditor.WindowsStandalone.Extensions.dll
Registered in 0.002457 seconds.
Native extension for WindowsStandalone target not found
Refreshing native plugins compatible for Editor in 34.35 ms, found 2 plugins.
Preloading 0 native plugins for Editor in 0.00 ms.
Mono: successfully reloaded assembly
- Completed reload, in  0.521 seconds
Domain Reload Profiling:
	ReloadAssembly (521ms)
		BeginReloadAssembly (51ms)
			ExecutionOrderSort (0ms)
			DisableScriptedObjects (0ms)
			BackupInstance (0ms)
			ReleaseScriptingObjects (0ms)
			CreateAndSetChildDomain (1ms)
		EndReloadAssembly (400ms)
			LoadAssemblies (48ms)
			RebuildTransferFunctionScriptingTraits (0ms)
			SetupTypeCache (135ms)
			ReleaseScriptCaches (0ms)
			RebuildScriptCaches (27ms)
			SetupLoadedEditorAssemblies (142ms)
				LogAssemblyErrors (0ms)
				InitializePlatformSupportModulesInManaged (4ms)
				SetLoadedEditorAssemblies (0ms)
				RefreshPlugins (34ms)
				BeforeProcessingInitializeOnLoad (11ms)
				ProcessInitializeOnLoadAttributes (68ms)
				ProcessInitializeOnLoadMethodAttributes (24ms)
				AfterProcessingInitializeOnLoad (0ms)
				EditorAssembliesLoaded (0ms)
			ExecutionOrderSort2 (0ms)
			AwakeInstancesAfterBackupRestoration (0ms)
Platform modules already initialized, skipping
Registering precompiled user dll's ...
Registered in 0.007221 seconds.
Begin MonoManager ReloadAssembly
Native extension for WindowsStandalone target not found
Refreshing native plugins compatible for Editor in 34.68 ms, found 2 plugins.
Preloading 0 native plugins for Editor in 0.00 ms.
Mono: successfully reloaded assembly
- Completed reload, in  1.234 seconds
Domain Reload Profiling:
	ReloadAssembly (1235ms)
		BeginReloadAssembly (131ms)
			ExecutionOrderSort (0ms)
			DisableScriptedObjects (4ms)
			BackupInstance (0ms)
			ReleaseScriptingObjects (0ms)
			CreateAndSetChildDomain (18ms)
		EndReloadAssembly (1041ms)
			LoadAssemblies (83ms)
			RebuildTransferFunctionScriptingTraits (0ms)
			SetupTypeCache (258ms)
			ReleaseScriptCaches (0ms)
			RebuildScriptCaches (40ms)
			SetupLoadedEditorAssemblies (555ms)
				LogAssemblyErrors (0ms)
				InitializePlatformSupportModulesInManaged (3ms)
				SetLoadedEditorAssemblies (0ms)
				RefreshPlugins (35ms)
				BeforeProcessingInitializeOnLoad (64ms)
				ProcessInitializeOnLoadAttributes (437ms)
				ProcessInitializeOnLoadMethodAttributes (8ms)
				AfterProcessingInitializeOnLoad (8ms)
				EditorAssembliesLoaded (0ms)
			ExecutionOrderSort2 (0ms)
			AwakeInstancesAfterBackupRestoration (5ms)
Platform modules already initialized, skipping
========================================================================
Worker process is ready to serve import requests
Launched and connected shader compiler UnityShaderCompiler.exe after 0.12 seconds
Refreshing native plugins compatible for Editor in 1.20 ms, found 2 plugins.
Preloading 0 native plugins for Editor in 0.00 ms.
Unloading 1703 Unused Serialized files (Serialized files now loaded: 0)
System memory in use before: 119.5 MB.
System memory in use after: 119.4 MB.

Unloading 32 unused Assets to reduce memory usage. Loaded Objects now: 2165.
Total: 4.940200 ms (FindLiveObjects: 0.540400 ms CreateObjectMapping: 0.071000 ms MarkObjects: 4.012400 ms  DeleteObjects: 0.313700 ms)

AssetImportParameters requested are different than current active one (requested -> active):
  custom:framework-win-MediaFoundation: 216162199b28c13a410421893ffa2e32 -> 
  custom:video-decoder-ogg-theora: a1e56fd34408186e4bbccfd4996cb3dc -> 
  custom:container-muxer-webm: aa71ff27fc2769a1b78a27578f13a17b -> 
  custom:container-demuxer-webm: 4f35f7cbe854078d1ac9338744f61a02 -> 
  custom:container-demuxer-ogg: 62fdf1f143b41e24485cea50d1cbac27 -> 
  custom:video-encoder-webm-vp8: eb34c28f22e8b96e1ab97ce403110664 -> 
  custom:video-codec-MediaFoundation-h265: 746d11721c4dcdbdad8f713fa42b33f4 -> 
  custom:video-decoder-webm-vp8: 9c59270c3fd7afecdb556c50c9e8de78 -> 
  custom:audio-decoder-ogg-vorbis: bf7c407c2cedff20999df2af8eb42d56 -> 
  custom:audio-encoder-webm-vorbis: bf7c407c2cedff20999df2af8eb42d56 -> 
========================================================================
Received Import Request.
  path: Assets/Grass And Flowers Pack 1/Ground Textures/New Folder
  artifactKey: Guid(7394b23640e240245adde075d7b535df) Importer(815301076,1909f56bfc062723c751e8b465ee728b)
Start importing Assets/Grass And Flowers Pack 1/Ground Textures/New Folder using Guid(7394b23640e240245adde075d7b535df) Importer(815301076,1909f56bfc062723c751e8b465ee728b)  -> (artifact id: '1bfd716fd0b65405d7454bce0e6bb7f4') in 0.015974 seconds 
  Import took 0.023315 seconds .

========================================================================
Received Import Request.
  Time since last request: 51.961514 seconds.
  path: Assets/Prefabs/Terrain.prefab
  artifactKey: Guid(e2b2102ee75700f438930229549b0616) Importer(815301076,1909f56bfc062723c751e8b465ee728b)
Start importing Assets/Prefabs/Terrain.prefab using Guid(e2b2102ee75700f438930229549b0616) Importer(815301076,1909f56bfc062723c751e8b465ee728b)  -> (artifact id: 'c843e1e46c886dbc362572f300e00a4c') in 0.058875 seconds 
  Import took 0.064064 seconds .

========================================================================
Received Import Request.
  Time since last request: 1.646000 seconds.
  path: Assets/Prefabs/Cube.prefab
  artifactKey: Guid(40cee7cc78c957d458827f9285498add) Importer(815301076,1909f56bfc062723c751e8b465ee728b)
Start importing Assets/Prefabs/Cube.prefab using Guid(40cee7cc78c957d458827f9285498add) Importer(815301076,1909f56bfc062723c751e8b465ee728b)  -> (artifact id: '03af886b9990fe9a4accf290f2b1b6af') in 0.082363 seconds 
  Import took 0.085919 seconds .

========================================================================
Received Import Request.
  Time since last request: 9.352869 seconds.
  path: Assets/Prefabs/Cube 1.prefab
  artifactKey: Guid(c017192f016a1d34397dde95116c9c55) Importer(815301076,1909f56bfc062723c751e8b465ee728b)
Start importing Assets/Prefabs/Cube 1.prefab using Guid(c017192f016a1d34397dde95116c9c55) Importer(815301076,1909f56bfc062723c751e8b465ee728b)  -> (artifact id: 'a1427a31ecde7639bd7b62e552e8db45') in 0.022151 seconds 
  Import took 0.025263 seconds .

========================================================================
Received Import Request.
  Time since last request: 0.000260 seconds.
  path: Assets/Prefabs/Terrain 1.prefab
  artifactKey: Guid(ec9e13c6cb11c234bb700201b1723f8f) Importer(815301076,1909f56bfc062723c751e8b465ee728b)
Start importing Assets/Prefabs/Terrain 1.prefab using Guid(ec9e13c6cb11c234bb700201b1723f8f) Importer(815301076,1909f56bfc062723c751e8b465ee728b)  -> (artifact id: 'e6bb4cf0ced460779996fefd9d69548d') in 0.012436 seconds 
  Import took 0.016514 seconds .

========================================================================
Received Import Request.
  Time since last request: 0.558102 seconds.
  path: Assets/Prefabs/Cube 2.prefab
  artifactKey: Guid(d8af01b326d054348806e153aa70db26) Importer(815301076,1909f56bfc062723c751e8b465ee728b)
Start importing Assets/Prefabs/Cube 2.prefab using Guid(d8af01b326d054348806e153aa70db26) Importer(815301076,1909f56bfc062723c751e8b465ee728b)  -> (artifact id: 'a9304e60c84b0360efe0abaae9423ed0') in 0.020449 seconds 
  Import took 0.024510 seconds .

========================================================================
Received Import Request.
  Time since last request: 145.846491 seconds.
  path: Assets/MyGrass.terrainlayer
  artifactKey: Guid(cec185d8a7818bd45bff3a4179f7ef07) Importer(815301076,1909f56bfc062723c751e8b465ee728b)
Start importing Assets/MyGrass.terrainlayer using Guid(cec185d8a7818bd45bff3a4179f7ef07) Importer(815301076,1909f56bfc062723c751e8b465ee728b)  -> (artifact id: 'c6a68f81401ee46c5fb8b03fde5fa10b') in 0.045454 seconds 
  Import took 0.049755 seconds .

========================================================================
Received Import Request.
  Time since last request: 0.000264 seconds.
  path: Assets/New Terrain.asset
  artifactKey: Guid(d8df747b2fc12e846b9f2a384ca76a4b) Importer(815301076,1909f56bfc062723c751e8b465ee728b)
Start importing Assets/New Terrain.asset using Guid(d8df747b2fc12e846b9f2a384ca76a4b) Importer(815301076,1909f56bfc062723c751e8b465ee728b)  -> (artifact id: 'c58f2f52257c3524626e927c10aff2b7') in 0.073421 seconds 
  Import took 0.079513 seconds .

========================================================================
Received Import Request.
  Time since last request: 0.000256 seconds.
  path: Assets/MyGround.terrainlayer
  artifactKey: Guid(7655e5e90446e764f9c925afb377e53a) Importer(815301076,1909f56bfc062723c751e8b465ee728b)
Start importing Assets/MyGround.terrainlayer using Guid(7655e5e90446e764f9c925afb377e53a) Importer(815301076,1909f56bfc062723c751e8b465ee728b)  -> (artifact id: '4bfb9d585c3e9356c1aaf15756a6baa0') in 0.053044 seconds 
  Import took 0.057148 seconds .

AssetImportWorkerClient::OnTransportError - code=2 error=End of file
